Arguments: 
  D:\Program Files\nodejs\node.exe C:\Users\evanc\AppData\Roaming\npm\node_modules\yarn\bin\yarn.js add -D vuepress@next

PATH: 
  C:\Program Files\Common Files\Oracle\Java\javapath;C:\Program Files (x86)\Common Files\Intel\Shared Libraries\redist\intel64\compiler;C:\Program Files\Java\jdk-17.0.1\bin;D:\Program Files\Python39\Scripts\;D:\Program Files\Python39\;C:\Program Files (x86)\Common Files\Oracle\Java\javapath;C:\Windows\system32;C:\Windows;C:\Windows\System32\Wbem;C:\Windows\System32\WindowsPowerShell\v1.0\;C:\Windows\System32\OpenSSH\;C:\Program Files\NVIDIA Corporation\NVIDIA NvDLISR;C:\WINDOWS\system32;C:\WINDOWS;C:\WINDOWS\System32\Wbem;C:\WINDOWS\System32\WindowsPowerShell\v1.0\;C:\WINDOWS\System32\OpenSSH\;D:\Program Files\Git\cmd;D:\Program Files\nodejs\;D:\Program Files (x86)\NetSarang\Xshell 7\;D:\Program Files\Go\bin;C:\Program Files\Microsoft SQL Server\Client SDK\ODBC\110\Tools\Binn\;C:\Program Files (x86)\Microsoft SQL Server\120\Tools\Binn\;C:\Program Files\Microsoft SQL Server\120\Tools\Binn\;C:\Program Files\Microsoft SQL Server\120\DTS\Binn\;C:\Program Files (x86)\Windows Kits\8.1\Windows Performance Toolkit\;C:\Program Files\dotnet\;C:\Program Files (x86)\mingw-w64\i686-8.1.0-posix-dwarf-rt_v6-rev0\mingw32\bin;D:\Program Files\MATLAB\R2018a\runtime\win64;D:\Program Files\MATLAB\R2018a\bin;C:\Program Files (x86)\NVIDIA Corporation\PhysX\Common;C:\Program Files\Intel\Intel(R) Memory and Storage Tool\;D:\Program Files\gradle-7.3.2\bin\;F:\Android\Sdk\tools\;D:\Windows Kits\10\Windows Performance Toolkit\;C:\Windows\System32;F:\opencv\build\x64\vc15\bin;C:\Users\evanc\AppData\Local\Microsoft\WindowsApps;;D:\Program Files\Microsoft VS Code\bin;C:\Users\evanc\AppData\Roaming\npm;C:\Users\evanc\.dotnet\tools;C:\Users\evanc\go\bin;D:\Program Files\Fiddler;C:\Users\evanc\.dotnet\tools;D:\Program Files (x86)\texlive\2021\bin\win32

Yarn version: 
  1.22.17

Node version: 
  14.17.3

Platform: 
  win32 x64

Trace: 
  Error: https://registry.yarnpkg.com/vuepress: ESOCKETTIMEDOUT
      at ClientRequest.<anonymous> (C:\Users\evanc\AppData\Roaming\npm\node_modules\yarn\lib\cli.js:141510:19)
      at Object.onceWrapper (events.js:481:28)
      at ClientRequest.emit (events.js:375:28)
      at TLSSocket.emitRequestTimeout (_http_client.js:790:9)
      at Object.onceWrapper (events.js:481:28)
      at TLSSocket.emit (events.js:387:35)
      at TLSSocket.Socket._onTimeout (net.js:484:8)
      at listOnTimeout (internal/timers.js:557:17)
      at processTimers (internal/timers.js:500:7)

npm manifest: 
  {
    "name": "standardization-of-arknights",
    "version": "1.0.0",
    "main": "index.js",
    "scripts": {
      "docs:dev": "vuepress dev docs",
      "docs:build": "vuepress build docs"
    },
    "repository": "https://github.com/Eling486/StandardizationOfArknights.git",
    "author": "Eling",
    "license": "MIT"
  }

yarn manifest: 
  No manifest

Lockfile: 
  No lockfile
